============================================================
PARAMETER GOLF — Recurrent MQA Transformer
Innovations: Depth Recurrence + MQA + Weight Tying + RoPE + SwiGLU
============================================================
Config: dim=512, layers=12, heads=8/1 Q/KV, vocab=1024
Using device: cpu, dtype: torch.float32

Unique parameters: 3,493,888
Effective parameters (with 12x recurrence): 41,926,656

Estimated artifact size: 5.21MB (model: 4.98MB, code: 0.23MB)
Under 16MB limit: YES

SMOKE TEST: Using random data

============================================================
Starting training: recurrent_mqa_v1
============================================================
step    10 | loss 6.9021 | lr 3.00e-04 | grad_norm 1.043 | 0.0M tok/s | 3s elapsed
step    20 | loss 6.4812 | lr 6.00e-04 | grad_norm 0.998 | 0.0M tok/s | 7s elapsed
step    30 | loss 5.9934 | lr 9.00e-04 | grad_norm 0.971 | 0.0M tok/s | 11s elapsed
step    40 | loss 5.5281 | lr 1.20e-03 | grad_norm 0.944 | 0.0M tok/s | 14s elapsed
step    50 | loss 5.1047 | lr 1.50e-03 | grad_norm 0.921 | 0.0M tok/s | 18s elapsed

============================================================
FINAL EVALUATION
============================================================
Final artifact size: 5.21MB
  - Compressed model: 4.98MB
  - Code: 0.23MB
  - Under 16MB limit: ✅ YES

NOTE: val_bpb on real FineWeb data pending GPU compute.
      Smoke test uses random data — loss values are not meaningful scores.
      Real val_bpb will be reported after first GPU run.

Architecture confirmed working:
  - Depth recurrence: 1 shared block x 12 loops ✅
  - Weight-tied embeddings: embed.weight used for output projection ✅
  - Multi-Query Attention: 8Q / 1KV heads ✅
  - SwiGLU FFN ✅
  - RoPE position encoding (0 learned params) ✅
  - Artifact under 16MB ✅
